<?xml version="1.0" encoding="UTF-8"?>
<testng-results skipped="0" failed="0" ignored="0" total="1" passed="1">
  <reporter-output>
  </reporter-output>
  <suite name="nopCommerce" duration-ms="20992" started-at="2021-09-07T00:50:57Z" finished-at="2021-09-07T00:51:18Z">
    <groups>
    </groups>
    <test name="Test1" duration-ms="20992" started-at="2021-09-07T00:50:57Z" finished-at="2021-09-07T00:51:18Z">
      <class name="com.nopCommerce.testCases.TC_LoginTest_001">
        <test-method status="PASS" signature="setup(java.lang.String)[pri:0, instance:com.nopCommerce.testCases.TC_LoginTest_001@30c7da1e]" name="setup" is-config="true" duration-ms="4782" started-at="2021-09-07T00:50:57Z" finished-at="2021-09-07T00:51:02Z">
          <params>
            <param index="0">
              <value>
                <![CDATA[chrome]]>
              </value>
            </param>
          </params>
          <reporter-output>
          </reporter-output>
        </test-method> <!-- setup -->
        <test-method status="PASS" signature="loginTest()[pri:0, instance:com.nopCommerce.testCases.TC_LoginTest_001@30c7da1e]" name="loginTest" duration-ms="15824" started-at="2021-09-07T00:51:02Z" finished-at="2021-09-07T00:51:18Z">
          <reporter-output>
          </reporter-output>
        </test-method> <!-- loginTest -->
        <test-method status="PASS" signature="tearDown()[pri:0, instance:com.nopCommerce.testCases.TC_LoginTest_001@30c7da1e]" name="tearDown" is-config="true" duration-ms="123" started-at="2021-09-07T00:51:18Z" finished-at="2021-09-07T00:51:18Z">
          <reporter-output>
          </reporter-output>
        </test-method> <!-- tearDown -->
      </class> <!-- com.nopCommerce.testCases.TC_LoginTest_001 -->
    </test> <!-- Test1 -->
  </suite> <!-- nopCommerce -->
</testng-results>
